<?xml version="1.0" encoding="UTF-8"?>
<testsuite name="com.chaffai.calculatrice.CalculatriceTest" tests="1" skipped="0" failures="0" errors="0" timestamp="2024-11-05T11:54:13" hostname="master" time="0.019">
  <properties/>
  <testcase name="testSum()" classname="com.chaffai.calculatrice.CalculatriceTest" time="0.019"/>
  <system-out><![CDATA[]]></system-out>
  <system-err><![CDATA[]]></system-err>
</testsuite>
